<?xml version="1.0" encoding="UTF-8"?>
<!-- Generated by org.testng.reporters.JUnitReportReporter -->
<testsuite hostname="majd-sunfower1" failures="0" tests="4" name="mytestcases" time="0.115" errors="0" timestamp="2024-10-23T01:53:20 EET" skipped="0">
  <testcase classname="mytestcases" name="ChickTheDefaultCurrancyIsSAR" time="0.040"/>
  <system-out/>
  <testcase classname="mytestcases" name="checkTheEnglishLangugeIsDefault" time="0.026"/>
  <system-out/>
  <testcase classname="mytestcases" name="CheckContactNumbers" time="0.022"/>
  <system-out/>
  <testcase classname="mytestcases" name="CheckiQtafLogoTherInTheFoter" time="0.027"/>
  <system-out/>
</testsuite> <!-- mytestcases -->
